2024-01-24 10:19:07.072  INFO 22872 --- [restartedMain] com.jun.plugin.ApiServiceApplication     : Starting ApiServiceApplication on DESKTOP-BFKA690 with PID 22872 (D:\workspace\github\jun_code_generator\jun_mybatis_generator\target\classes started by Administrator in D:\workspace\github\jun_code_generator)
2024-01-24 10:19:07.078 DEBUG 22872 --- [restartedMain] com.jun.plugin.ApiServiceApplication     : Running with Spring Boot v2.1.1.RELEASE, Spring v5.1.3.RELEASE
2024-01-24 10:19:07.081  INFO 22872 --- [restartedMain] com.jun.plugin.ApiServiceApplication     : The following profiles are active: dev
2024-01-24 10:19:07.209  INFO 22872 --- [restartedMain] .e.DevToolsPropertyDefaultsPostProcessor : Devtools property defaults active! Set 'spring.devtools.add-properties' to 'false' to disable
2024-01-24 10:19:07.210  INFO 22872 --- [restartedMain] .e.DevToolsPropertyDefaultsPostProcessor : For additional web related logging consider setting the 'logging.level.web' property to 'DEBUG'
2024-01-24 10:19:09.751  INFO 22872 --- [restartedMain] .s.d.r.c.RepositoryConfigurationDelegate : Multiple Spring Data modules found, entering strict repository configuration mode!
2024-01-24 10:19:09.761  INFO 22872 --- [restartedMain] .s.d.r.c.RepositoryConfigurationDelegate : Bootstrapping Spring Data repositories in DEFAULT mode.
2024-01-24 10:19:09.933  INFO 22872 --- [restartedMain] .s.d.r.c.RepositoryConfigurationDelegate : Finished Spring Data repository scanning in 122ms. Found 0 repository interfaces.
2024-01-24 10:19:10.323  WARN 22872 --- [restartedMain] o.m.s.mapper.ClassPathMapperScanner      : Skipping MapperFactoryBean with name 'customerMapper' and 'com.jun.plugin.biz.mapper.CustomerMapper' mapperInterface. Bean already defined with the same name!
2024-01-24 10:19:10.324  WARN 22872 --- [restartedMain] o.m.s.mapper.ClassPathMapperScanner      : No MyBatis mapper was found in '[com.jun.plugin.biz.mapper]' package. Please check your configuration.
2024-01-24 10:19:10.327  INFO 22872 --- [restartedMain] o.s.c.a.ConfigurationClassPostProcessor  : Cannot enhance @Configuration bean definition 'mybatisConfigurer' since its singleton instance has been created too early. The typical cause is a non-static @Bean method with a BeanDefinitionRegistryPostProcessor return type: Consider declaring such methods as 'static'.
2024-01-24 10:19:10.733  INFO 22872 --- [restartedMain] trationDelegate$BeanPostProcessorChecker : Bean 'shiroConfig' of type [com.jun.plugin.base.config.ShiroConfig$$EnhancerBySpringCGLIB$$4dceba3c] is not eligible for getting processed by all BeanPostProcessors (for example: not eligible for auto-proxying)
2024-01-24 10:19:11.802  INFO 22872 --- [restartedMain] trationDelegate$BeanPostProcessorChecker : Bean 'redisConfig' of type [com.jun.plugin.base.config.RedisConfig$$EnhancerBySpringCGLIB$$989d4186] is not eligible for getting processed by all BeanPostProcessors (for example: not eligible for auto-proxying)
2024-01-24 10:19:11.851  INFO 22872 --- [restartedMain] trationDelegate$BeanPostProcessorChecker : Bean 'spring.redis-org.springframework.boot.autoconfigure.data.redis.RedisProperties' of type [org.springframework.boot.autoconfigure.data.redis.RedisProperties] is not eligible for getting processed by all BeanPostProcessors (for example: not eligible for auto-proxying)
2024-01-24 10:19:11.859  INFO 22872 --- [restartedMain] trationDelegate$BeanPostProcessorChecker : Bean 'org.springframework.boot.autoconfigure.data.redis.LettuceConnectionConfiguration' of type [org.springframework.boot.autoconfigure.data.redis.LettuceConnectionConfiguration$$EnhancerBySpringCGLIB$$5e929360] is not eligible for getting processed by all BeanPostProcessors (for example: not eligible for auto-proxying)
2024-01-24 10:19:12.077  INFO 22872 --- [restartedMain] trationDelegate$BeanPostProcessorChecker : Bean 'lettuceClientResources' of type [io.lettuce.core.resource.DefaultClientResources] is not eligible for getting processed by all BeanPostProcessors (for example: not eligible for auto-proxying)
2024-01-24 10:19:12.293  INFO 22872 --- [restartedMain] trationDelegate$BeanPostProcessorChecker : Bean 'redisConnectionFactory' of type [org.springframework.data.redis.connection.lettuce.LettuceConnectionFactory] is not eligible for getting processed by all BeanPostProcessors (for example: not eligible for auto-proxying)
2024-01-24 10:19:12.335  INFO 22872 --- [restartedMain] trationDelegate$BeanPostProcessorChecker : Bean 'redisTemplate' of type [org.springframework.data.redis.core.RedisTemplate] is not eligible for getting processed by all BeanPostProcessors (for example: not eligible for auto-proxying)
2024-01-24 10:19:12.338  INFO 22872 --- [restartedMain] trationDelegate$BeanPostProcessorChecker : Bean 'redisService' of type [com.jun.plugin.base.service.RedisService] is not eligible for getting processed by all BeanPostProcessors (for example: not eligible for auto-proxying)
2024-01-24 10:19:12.338  INFO 22872 --- [restartedMain] trationDelegate$BeanPostProcessorChecker : Bean 'customHashedCredentialsMatcher' of type [com.jun.plugin.base.shiro.CustomHashedCredentialsMatcher] is not eligible for getting processed by all BeanPostProcessors (for example: not eligible for auto-proxying)
2024-01-24 10:19:12.350  INFO 22872 --- [restartedMain] trationDelegate$BeanPostProcessorChecker : Bean 'customRealm' of type [com.jun.plugin.base.shiro.CustomRealm] is not eligible for getting processed by all BeanPostProcessors (for example: not eligible for auto-proxying)
2024-01-24 10:19:12.361  INFO 22872 --- [restartedMain] trationDelegate$BeanPostProcessorChecker : Bean 'securityManager' of type [org.apache.shiro.web.mgt.DefaultWebSecurityManager] is not eligible for getting processed by all BeanPostProcessors (for example: not eligible for auto-proxying)
2024-01-24 10:19:12.483  INFO 22872 --- [restartedMain] trationDelegate$BeanPostProcessorChecker : Bean 'authorizationAttributeSourceAdvisor' of type [org.apache.shiro.spring.security.interceptor.AuthorizationAttributeSourceAdvisor] is not eligible for getting processed by all BeanPostProcessors (for example: not eligible for auto-proxying)
2024-01-24 10:19:12.582  INFO 22872 --- [restartedMain] trationDelegate$BeanPostProcessorChecker : Bean 'org.springframework.transaction.annotation.ProxyTransactionManagementConfiguration' of type [org.springframework.transaction.annotation.ProxyTransactionManagementConfiguration$$EnhancerBySpringCGLIB$$4978d516] is not eligible for getting processed by all BeanPostProcessors (for example: not eligible for auto-proxying)
2024-01-24 10:19:13.846  INFO 22872 --- [restartedMain] o.s.b.w.embedded.tomcat.TomcatWebServer  : Tomcat initialized with port(s): 8080 (http)
2024-01-24 10:19:13.909  INFO 22872 --- [restartedMain] o.apache.catalina.core.StandardService   : Starting service [Tomcat]
2024-01-24 10:19:13.910  INFO 22872 --- [restartedMain] org.apache.catalina.core.StandardEngine  : Starting Servlet Engine: Apache Tomcat/9.0.13
2024-01-24 10:19:13.927  INFO 22872 --- [restartedMain] o.a.catalina.core.AprLifecycleListener   : The APR based Apache Tomcat Native library which allows optimal performance in production environments was not found on the java.library.path: [D:\Java\Java\jdk1.8.0_161_64\bin;C:\Windows\Sun\Java\bin;C:\Windows\system32;C:\Windows;C:\Program Files (x86)\GnuPG\bin;C:\Program Files (x86)\Gpg4win\..\GnuPG\bin;C:\Program Files\Git\cmd;C:\Program Files\TortoiseGit\bin;C:\Program Files\python;C:\Program Files\python\Scripts;C:\Users\Administrator\AppData\Local\Microsoft\WindowsApps;C:\Users\Administrator\AppData\Local\Programs\Microsoft VS Code\bin;C:\Users\Administrator\AppData\Roaming\Composer\vendor\bin;C:\Users\Administrator\AppData\Roaming\npm;C:\Windows;C:\Windows\System32\OpenSSH\;C:\Windows\System32\Wbem;C:\Windows\System32\WindowsPowerShell\v1.0\;C:\Windows\system32;D:\BtSoft\panel\script;D:\Java\Java\jdk1.8.0_161_64\bin;D:\Java\Python35-32\;D:\Java\Python35-32\Scripts\;D:\Java\apache-maven-3.6.3\bin;D:\Java\gradle-8.4\bin;D:\Java\nodejs\;D:\Java\微信web开发者工具\dll;D:\Program Files\360\360chrome\360ChromeX\Chrome\Application;D:\java\composer;D:\xampp\php;;D:\xp.cn\com\bin\;D:\Java\Python35-32\Scripts\;D:\Java\Python35-32\;C:\Users\Administrator\AppData\Local\Microsoft\WindowsApps;C:\Users\Administrator\AppData\Roaming\npm;C:\Users\Administrator\AppData\Local\Programs\Microsoft VS Code\bin;C:\Users\Administrator\AppData\Roaming\Composer\vendor\bin;.]
2024-01-24 10:19:14.294  INFO 22872 --- [restartedMain] o.a.c.c.C.[Tomcat].[localhost].[/]       : Initializing Spring embedded WebApplicationContext
2024-01-24 10:19:14.295  INFO 22872 --- [restartedMain] o.s.web.context.ContextLoader            : Root WebApplicationContext: initialization completed in 7084 ms
2024-01-24 10:19:17.183  INFO 22872 --- [restartedMain] pertySourcedRequestMappingHandlerMapping : Mapped URL path [/v2/api-docs] onto method [public org.springframework.http.ResponseEntity<springfox.documentation.spring.web.json.Json> springfox.documentation.swagger2.web.Swagger2Controller.getDocumentation(java.lang.String,javax.servlet.http.HttpServletRequest)]
2024-01-24 10:19:17.575  WARN 22872 --- [restartedMain] o.s.b.d.a.OptionalLiveReloadServer       : Unable to start LiveReload server
2024-01-24 10:19:17.906  INFO 22872 --- [restartedMain] t.m.m.autoconfigure.MapperCacheDisabler  : Clear tk.mybatis.mapper.util.MsUtil CLASS_CACHE cache.
2024-01-24 10:19:17.907  INFO 22872 --- [restartedMain] t.m.m.autoconfigure.MapperCacheDisabler  : Clear tk.mybatis.mapper.genid.GenIdUtil CACHE cache.
2024-01-24 10:19:17.908  INFO 22872 --- [restartedMain] t.m.m.autoconfigure.MapperCacheDisabler  : Clear tk.mybatis.mapper.version.VersionUtil CACHE cache.
2024-01-24 10:19:17.910  INFO 22872 --- [restartedMain] t.m.m.autoconfigure.MapperCacheDisabler  : Clear EntityHelper entityTableMap cache.
2024-01-24 10:19:19.890  INFO 22872 --- [restartedMain] d.s.w.p.DocumentationPluginsBootstrapper : Context refreshed
2024-01-24 10:19:19.944  INFO 22872 --- [restartedMain] d.s.w.p.DocumentationPluginsBootstrapper : Found 1 custom documentation plugin(s)
2024-01-24 10:19:20.087  INFO 22872 --- [restartedMain] s.d.s.w.s.ApiListingReferenceScanner     : Scanning for api listing references
2024-01-24 10:19:20.599  INFO 22872 --- [restartedMain] o.s.b.w.embedded.tomcat.TomcatWebServer  : Tomcat started on port(s): 8080 (http) with context path ''
2024-01-24 10:19:20.607  INFO 22872 --- [restartedMain] com.jun.plugin.ApiServiceApplication     : Started ApiServiceApplication in 14.363 seconds (JVM running for 18.761)
